[debug] [2022-09-26T13:23:05.944Z] ----------------------------------------------------------------------
[debug] [2022-09-26T13:23:05.946Z] Command:       C:\Program Files\nodejs\node.exe C:\Users\dcord\AppData\Roaming\npm\node_modules\firebase-tools\lib\bin\firebase.js init
[debug] [2022-09-26T13:23:05.947Z] CLI Version:   11.10.0
[debug] [2022-09-26T13:23:05.947Z] Platform:      win32
[debug] [2022-09-26T13:23:05.947Z] Node Version:  v16.14.0
[debug] [2022-09-26T13:23:05.949Z] Time:          Mon Sep 26 2022 10:23:05 GMT-0300 (hora de verano de Chile)
[debug] [2022-09-26T13:23:05.949Z] ----------------------------------------------------------------------
[debug] 
[debug] [2022-09-26T13:23:05.953Z] >>> [apiv2][query] GET https://firebase-public.firebaseio.com/cli.json [none]
[debug] [2022-09-26T13:23:05.980Z] > command requires scopes: ["email","openid","https://www.googleapis.com/auth/cloudplatformprojects.readonly","https://www.googleapis.com/auth/firebase","https://www.googleapis.com/auth/cloud-platform"]
[debug] [2022-09-26T13:23:05.981Z] > authorizing via signed-in user (d.cordovaratti@gmail.com)
[info] 
     ######## #### ########  ######## ########     ###     ######  ########
     ##        ##  ##     ## ##       ##     ##  ##   ##  ##       ##
     ######    ##  ########  ######   ########  #########  ######  ######
     ##        ##  ##    ##  ##       ##     ## ##     ##       ## ##
     ##       #### ##     ## ######## ########  ##     ##  ######  ########

You're about to initialize a Firebase project in this directory:

  C:\Users\dcord\Desktop\Coding\Tickets\service-tickets

[debug] [2022-09-26T13:23:06.552Z] <<< [apiv2][status] GET https://firebase-public.firebaseio.com/cli.json 200
[debug] [2022-09-26T13:23:06.553Z] <<< [apiv2][body] GET https://firebase-public.firebaseio.com/cli.json {"cloudBuildErrorAfter":1594252800000,"cloudBuildWarnAfter":1590019200000,"defaultNode10After":1594252800000,"minVersion":"3.0.5","node8DeploysDisabledAfter":1613390400000,"node8RuntimeDisabledAfter":1615809600000,"node8WarnAfter":1600128000000}
